<?xml version="1.0" encoding="UTF-8"?>
<!-- Generated by org.testng.reporters.JUnitReportReporter -->
<testsuite skipped="0" hostname="DESKTOP-R5RNTUC" name="qaclickacademy.RestAPITest" tests="2" failures="0" timestamp="2020-02-13T22:37:41 IST" time="0.000" errors="0">
  <testcase name="postJira" time="0.000" classname="qaclickacademy.RestAPITest"/>
  <system-out/>
  <testcase name="deletetwitter" time="0.000" classname="qaclickacademy.RestAPITest"/>
  <system-out/>
</testsuite> <!-- qaclickacademy.RestAPITest -->
